<?xml version="1.0" encoding="UTF-8"?>
<!-- Generated by org.testng.reporters.JUnitReportReporter -->
<testsuite skipped="0" hostname="Vishal-PC" name="com.crm.qa.testcases.HomePageTest" tests="1" failures="0" timestamp="26 Sep 2018 08:17:12 GMT" time="35.970" errors="0">
  <testcase name="verifyHomePageTitleTest" time="35.970" classname="com.crm.qa.testcases.HomePageTest"/>
</testsuite> <!-- com.crm.qa.testcases.HomePageTest -->
